2003-10-29 00:37:33,894 - SimpleLog4NetLogSystem initialized using logfile 'nvelocity.log'
2003-10-29 00:37:33,904 - ************************************************************** 
2003-10-29 00:37:33,904 - Starting NVelocity v0.4.1
2003-10-29 00:37:33,904 - RuntimeInstance initializing.
2003-10-29 00:37:33,904 - Default Properties File: NVelocity.Runtime.Defaults.nvelocity.properties
2003-10-29 00:37:33,904 - Trying to use logger class NVelocity.Runtime.Log.SimpleLog4NetLogSystem,NVelocity
2003-10-29 00:37:33,904 - Using logger class NVelocity.Runtime.Log.SimpleLog4NetLogSystem,NVelocity
2003-10-29 00:37:33,914 - Default ResourceManager initializing. (NVelocity.Runtime.Resource.ResourceManagerImpl)
2003-10-29 00:37:33,914 - Resource Loader Instantiated: NVelocity.Runtime.Resource.Loader.FileResourceLoader
2003-10-29 00:37:33,914 - FileResourceLoader : initialization starting.
2003-10-29 00:37:33,914 - FileResourceLoader : adding path 'c:\data\work\SourceForge\NVelocity\xdocs\stylesheets'
2003-10-29 00:37:33,914 - FileResourceLoader : initialization complete.
2003-10-29 00:37:33,914 - ResourceCache : initialized. (NVelocity.Runtime.Resource.ResourceCacheImpl)
2003-10-29 00:37:33,914 - Default ResourceManager initialization complete.
2003-10-29 00:37:33,934 - Loaded System Directive: NVelocity.Runtime.Directive.Literal,NVelocity
2003-10-29 00:37:33,934 - Loaded System Directive: NVelocity.Runtime.Directive.Macro,NVelocity
2003-10-29 00:37:33,934 - Loaded System Directive: NVelocity.Runtime.Directive.Parse,NVelocity
2003-10-29 00:37:33,944 - Loaded System Directive: NVelocity.Runtime.Directive.Include,NVelocity
2003-10-29 00:37:33,944 - Loaded System Directive: NVelocity.Runtime.Directive.Foreach,NVelocity
2003-10-29 00:37:33,954 - Created: 20 parsers.
2003-10-29 00:37:33,954 - Velocimacro : initialization starting.
2003-10-29 00:37:33,954 - Velocimacro : adding VMs from VM library template : VM_global_library.vm
2003-10-29 00:37:33,974 - ResourceManager : unable to find resource 'VM_global_library.vm' in any resource loader.
2003-10-29 00:37:33,984 - Velocimacro : error using  VM library template VM_global_library.vm : NVelocity.Exception.ResourceNotFoundException: Unable to find resource 'VM_global_library.vm'
   at NVelocity.Runtime.Resource.ResourceManagerImpl.getResource(String resourceName, Int32 resourceType, String encoding) in c:\data\work\SourceForge\NVelocity\src\Runtime\Resource\ResourceManagerImpl.cs:line 284
   at NVelocity.Runtime.RuntimeInstance.getTemplate(String name, String encoding) in c:\data\work\SourceForge\NVelocity\src\Runtime\RuntimeInstance.cs:line 721
   at NVelocity.Runtime.RuntimeInstance.getTemplate(String name) in c:\data\work\SourceForge\NVelocity\src\Runtime\RuntimeInstance.cs:line 702
   at NVelocity.Runtime.VelocimacroFactory.initVelocimacro() in c:\data\work\SourceForge\NVelocity\src\Runtime\VelocimacroFactory.cs:line 232
2003-10-29 00:37:33,984 - Velocimacro :  VM library template macro registration complete.
2003-10-29 00:37:33,984 - Velocimacro : allowInline = true : VMs can be defined inline in templates
2003-10-29 00:37:33,984 - Velocimacro : allowInlineToOverride = false : VMs defined inline may NOT replace previous VM definitions
2003-10-29 00:37:33,984 - Velocimacro : allowInlineLocal = false : VMs defined inline will be  global in scope if allowed.
2003-10-29 00:37:33,984 - Velocimacro : messages on  : VM system will output logging messages
2003-10-29 00:37:33,984 - Velocimacro : autoload off  : VM system will not automatically reload global library macros
2003-10-29 00:37:33,984 - Velocimacro : initialization complete.
2003-10-29 00:37:33,984 - NVelocity successfully started.
2003-10-29 00:37:34,144 - Velocimacro : added new VM : #nanttask( task ) : source = site.vsl
2003-10-29 00:37:34,144 - Velocimacro : added new VM : #table( table ) : source = site.vsl
2003-10-29 00:37:34,154 - Velocimacro : added new VM : #tr( tr ) : source = site.vsl
2003-10-29 00:37:34,154 - Velocimacro : added new VM : #td( value ) : source = site.vsl
2003-10-29 00:37:34,154 - Velocimacro : added new VM : #th( value ) : source = site.vsl
2003-10-29 00:37:34,164 - Velocimacro : added new VM : #projectanchor( name value ) : source = site.vsl
2003-10-29 00:37:34,164 - Velocimacro : added new VM : #metaauthor( author email ) : source = site.vsl
2003-10-29 00:37:34,164 - Velocimacro : added new VM : #image( value ) : source = site.vsl
2003-10-29 00:37:34,164 - Velocimacro : added new VM : #source( value ) : source = site.vsl
2003-10-29 00:37:34,164 - Velocimacro : added new VM : #subsection( subsection ) : source = site.vsl
2003-10-29 00:37:34,164 - Velocimacro : added new VM : #section( section ) : source = site.vsl
2003-10-29 00:37:34,164 - Velocimacro : added new VM : #makeProject( ) : source = site.vsl
2003-10-29 00:37:34,164 - Velocimacro : added new VM : #getProjectImage( ) : source = site.vsl
2003-10-29 00:37:34,164 - Velocimacro : added new VM : #printMeta( metaElement ) : source = site.vsl
2003-10-29 00:37:34,164 - Velocimacro : added new VM : #document( ) : source = site.vsl
2003-10-29 00:37:34,194 - VM #tr: error : too few arguments to macro. Wanted 1 got 0
2003-10-29 00:37:34,194 - VM #td: error : too few arguments to macro. Wanted 1 got 0
2003-10-29 00:37:34,194 - VM #th: error : too few arguments to macro. Wanted 1 got 0
2003-10-29 00:37:34,214 - ResourceManager : found site.vsl with loader NVelocity.Runtime.Resource.Loader.FileResourceLoader,NVelocity
